# JRE version: Java(TM) SE Runtime Environment (8.0_201-b09) (build 1.8.0_201-b09)
# Java VM: Java HotSpot(TM) 64-Bit Server VM (25.201-b09 mixed mode bsd-amd64 compressed oops)
Heap:
 PSYoungGen      total 5540864K, used 0K [0x0000000622b00000, 0x000000078f500000, 0x00000008a2a00000)
  eden space 5113856K, 0% used [0x0000000622b00000,0x0000000622b00000,0x000000075ad00000)
  from space 427008K, 0% used [0x0000000775000000,0x0000000775000000,0x000000078f100000)
  to   space 429056K, 0% used [0x000000075ad00000,0x000000075ad00000,0x0000000775000000)
 ParOldGen       total 1777152K, used 283719K [0x0000000122c00000, 0x000000018f380000, 0x0000000622b00000)
  object space 1777152K, 15% used [0x0000000122c00000,0x0000000134111d30,0x000000018f380000)
 Metaspace       used 70597K, capacity 72020K, committed 73412K, reserved 1114112K
  class space    used 8487K, capacity 8815K, committed 9204K, reserved 1048576K
GC Heap History (10 events):
Event: 1328.396 GC heap before
{Heap before GC invocations=13 (full 3):
 PSYoungGen      total 4505600K, used 4399036K [0x0000000622b00000, 0x0000000797d00000, 0x00000008a2a00000)
  eden space 4091392K, 100% used [0x0000000622b00000,0x000000071c680000,0x000000071c680000)
  from space 414208K, 74% used [0x000000071c680000,0x000000072f2ef360,0x0000000735b00000)
  to   space 441856K, 0% used [0x000000077cd80000,0x000000077cd80000,0x0000000797d00000)
 ParOldGen       total 1777152K, used 388208K [0x0000000122c00000, 0x000000018f380000, 0x0000000622b00000)
  object space 1777152K, 21% used [0x0000000122c00000,0x000000013a71c1f0,0x000000018f380000)
 Metaspace       used 71725K, capacity 73188K, committed 73412K, reserved 1114112K
  class space    used 8778K, capacity 9115K, committed 9204K, reserved 1048576K
Event: 1328.622 GC heap after
Heap after GC invocations=13 (full 3):
 PSYoungGen      total 5440000K, used 51066K [0x0000000622b00000, 0x0000000790a00000, 0x00000008a2a00000)
  eden space 5115904K, 0% used [0x0000000622b00000,0x0000000622b00000,0x000000075af00000)
  from space 324096K, 15% used [0x000000077cd80000,0x000000077ff5eab0,0x0000000790a00000)
  to   space 439808K, 0% used [0x000000075af00000,0x000000075af00000,0x0000000775c80000)
 ParOldGen       total 1777152K, used 553970K [0x0000000122c00000, 0x000000018f380000, 0x0000000622b00000)
  object space 1777152K, 31% used [0x0000000122c00000,0x00000001448fcb30,0x000000018f380000)
 Metaspace       used 71725K, capacity 73188K, committed 73412K, reserved 1114112K
  class space    used 8778K, capacity 9115K, committed 9204K, reserved 1048576K
}
Event: 3625.026 GC heap before
{Heap before GC invocations=14 (full 3):
 PSYoungGen      total 5440000K, used 2803960K [0x0000000622b00000, 0x0000000790a00000, 0x00000008a2a00000)
  eden space 5115904K, 53% used [0x0000000622b00000,0x00000006cab5f898,0x000000075af00000)
  from space 324096K, 15% used [0x000000077cd80000,0x000000077ff5eab0,0x0000000790a00000)
  to   space 439808K, 0% used [0x000000075af00000,0x000000075af00000,0x0000000775c80000)
 ParOldGen       total 1777152K, used 553970K [0x0000000122c00000, 0x000000018f380000, 0x0000000622b00000)
  object space 1777152K, 31% used [0x0000000122c00000,0x00000001448fcb30,0x000000018f380000)
 Metaspace       used 71782K, capacity 73252K, committed 73412K, reserved 1114112K
  class space    used 8780K, capacity 9115K, committed 9204K, reserved 1048576K
Event: 3625.141 GC heap after
Heap after GC invocations=14 (full 3):
 PSYoungGen      total 5209600K, used 93379K [0x0000000622b00000, 0x000000078f100000, 0x00000008a2a00000)
  eden space 5115904K, 0% used [0x0000000622b00000,0x0000000622b00000,0x000000075af00000)
  from space 93696K, 99% used [0x000000075af00000,0x0000000760a30f90,0x0000000760a80000)
  to   space 427008K, 0% used [0x0000000775000000,0x0000000775000000,0x000000078f100000)
 ParOldGen       total 1777152K, used 553978K [0x0000000122c00000, 0x000000018f380000, 0x0000000622b00000)
  object space 1777152K, 31% used [0x0000000122c00000,0x00000001448feb30,0x000000018f380000)
 Metaspace       used 71782K, capacity 73252K, committed 73412K, reserved 1114112K
  class space    used 8780K, capacity 9115K, committed 9204K, reserved 1048576K
}
Event: 3625.141 GC heap before
{Heap before GC invocations=15 (full 4):
 PSYoungGen      total 5209600K, used 93379K [0x0000000622b00000, 0x000000078f100000, 0x00000008a2a00000)
  eden space 5115904K, 0% used [0x0000000622b00000,0x0000000622b00000,0x000000075af00000)
  from space 93696K, 99% used [0x000000075af00000,0x0000000760a30f90,0x0000000760a80000)
  to   space 427008K, 0% used [0x0000000775000000,0x0000000775000000,0x000000078f100000)
 ParOldGen       total 1777152K, used 553978K [0x0000000122c00000, 0x000000018f380000, 0x0000000622b00000)
  object space 1777152K, 31% used [0x0000000122c00000,0x00000001448feb30,0x000000018f380000)
 Metaspace       used 71782K, capacity 73252K, committed 73412K, reserved 1114112K
  class space    used 8780K, capacity 9115K, committed 9204K, reserved 1048576K
Event: 3625.710 GC heap after
Heap after GC invocations=15 (full 4):
 PSYoungGen      total 5209600K, used 0K [0x0000000622b00000, 0x000000078f100000, 0x00000008a2a00000)
  eden space 5115904K, 0% used [0x0000000622b00000,0x0000000622b00000,0x000000075af00000)
  from space 93696K, 0% used [0x000000075af00000,0x000000075af00000,0x0000000760a80000)
  to   space 427008K, 0% used [0x0000000775000000,0x0000000775000000,0x000000078f100000)
 ParOldGen       total 1777152K, used 287681K [0x0000000122c00000, 0x000000018f380000, 0x0000000622b00000)
  object space 1777152K, 16% used [0x0000000122c00000,0x00000001344f0718,0x000000018f380000)
 Metaspace       used 70593K, capacity 72020K, committed 73412K, reserved 1114112K
  class space    used 8487K, capacity 8815K, committed 9204K, reserved 1048576K
}
Event: 7225.719 GC heap before
{Heap before GC invocations=16 (full 4):
 PSYoungGen      total 5209600K, used 1862789K [0x0000000622b00000, 0x000000078f100000, 0x00000008a2a00000)
  eden space 5115904K, 36% used [0x0000000622b00000,0x00000006946217c0,0x000000075af00000)
  from space 93696K, 0% used [0x000000075af00000,0x000000075af00000,0x0000000760a80000)
  to   space 427008K, 0% used [0x0000000775000000,0x0000000775000000,0x000000078f100000)
 ParOldGen       total 1777152K, used 287681K [0x0000000122c00000, 0x000000018f380000, 0x0000000622b00000)
  object space 1777152K, 16% used [0x0000000122c00000,0x00000001344f0718,0x000000018f380000)
 Metaspace       used 70597K, capacity 72020K, committed 73412K, reserved 1114112K
  class space    used 8487K, capacity 8815K, committed 9204K, reserved 1048576K
Event: 7225.723 GC heap after
Heap after GC invocations=16 (full 4):
 PSYoungGen      total 5540864K, used 256K [0x0000000622b00000, 0x000000078f500000, 0x00000008a2a00000)
  eden space 5113856K, 0% used [0x0000000622b00000,0x0000000622b00000,0x000000075ad00000)
  from space 427008K, 0% used [0x0000000775000000,0x0000000775040000,0x000000078f100000)
  to   space 429056K, 0% used [0x000000075ad00000,0x000000075ad00000,0x0000000775000000)
 ParOldGen       total 1777152K, used 287689K [0x0000000122c00000, 0x000000018f380000, 0x0000000622b00000)
  object space 1777152K, 16% used [0x0000000122c00000,0x00000001344f2718,0x000000018f380000)
 Metaspace       used 70597K, capacity 72020K, committed 73412K, reserved 1114112K
  class space    used 8487K, capacity 8815K, committed 9204K, reserved 1048576K
}
Event: 7225.723 GC heap before
{Heap before GC invocations=17 (full 5):
 PSYoungGen      total 5540864K, used 256K [0x0000000622b00000, 0x000000078f500000, 0x00000008a2a00000)
  eden space 5113856K, 0% used [0x0000000622b00000,0x0000000622b00000,0x000000075ad00000)
  from space 427008K, 0% used [0x0000000775000000,0x0000000775040000,0x000000078f100000)
  to   space 429056K, 0% used [0x000000075ad00000,0x000000075ad00000,0x0000000775000000)
 ParOldGen       total 1777152K, used 287689K [0x0000000122c00000, 0x000000018f380000, 0x0000000622b00000)
  object space 1777152K, 16% used [0x0000000122c00000,0x00000001344f2718,0x000000018f380000)
 Metaspace       used 70597K, capacity 72020K, committed 73412K, reserved 1114112K
  class space    used 8487K, capacity 8815K, committed 9204K, reserved 1048576K
Event: 7226.494 GC heap after
Heap after GC invocations=17 (full 5):
 PSYoungGen      total 5540864K, used 0K [0x0000000622b00000, 0x000000078f500000, 0x00000008a2a00000)
  eden space 5113856K, 0% used [0x0000000622b00000,0x0000000622b00000,0x000000075ad00000)
  from space 427008K, 0% used [0x0000000775000000,0x0000000775000000,0x000000078f100000)
  to   space 429056K, 0% used [0x000000075ad00000,0x000000075ad00000,0x0000000775000000)
 ParOldGen       total 1777152K, used 283719K [0x0000000122c00000, 0x000000018f380000, 0x0000000622b00000)
  object space 1777152K, 15% used [0x0000000122c00000,0x0000000134111d30,0x000000018f380000)
 Metaspace       used 70597K, capacity 72020K, committed 73412K, reserved 1114112K
  class space    used 8487K, capacity 8815K, committed 9204K, reserved 1048576K
}

